ℹ️ 2025/11/15 19:07:03 Инициализация SQLite: ./data.db
❌ 2025/11/15 19:07:03 Ошибка открытия БД: sql: unknown driver "sqlite" (forgotten import?)
❌ 2025/11/15 19:07:03 Ошибка инициализации БД: sql: unknown driver "sqlite" (forgotten import?)
ℹ️ 2025/11/15 19:08:56 Инициализация SQLite: ./data.db
❌ 2025/11/15 19:08:56 Ошибка создания таблицы БД: SQL logic error: near ")": syntax error (1)
❌ 2025/11/15 19:08:56 Ошибка инициализации БД: SQL logic error: near ")": syntax error (1)
ℹ️ 2025/11/15 19:11:19 Инициализация SQLite: ./data.db
✅ 2025/11/15 19:11:19 Таблицы базы данных созданы/проверены
✅ 2025/11/15 19:11:19 SQLite инициализирован: ./data.db
ℹ️ 2025/11/15 19:17:38 Инициализация SQLite: ./data.db
✅ 2025/11/15 19:17:38 Таблицы базы данных созданы/проверены
✅ 2025/11/15 19:17:38 SQLite инициализирован: ./data.db
✅ 2025/11/15 19:17:38 🚀 Сервер запущен на http://localhost:8080
ℹ️ 2025/11/15 19:17:38 📁 Обслуживаются статические файлы из текущей директории
ℹ️ 2025/11/16 01:22:55 Инициализация SQLite: ./data.db
✅ 2025/11/16 01:22:55 Таблицы базы данных созданы/проверены
✅ 2025/11/16 01:22:55 SQLite инициализирован: ./data.db
✅ 2025/11/16 01:22:55 🚀 Сервер запущен на http://localhost:8080
ℹ️ 2025/11/16 01:22:55 📁 Обслуживаются статические файлы из текущей директории
ℹ️ 2025/11/16 01:36:31 Инициализация SQLite: ./data.db
✅ 2025/11/16 01:36:31 Таблицы базы данных созданы/проверены
✅ 2025/11/16 01:36:31 SQLite инициализирован: ./data.db
✅ 2025/11/16 01:36:31 🚀 Сервер запущен на http://localhost:8080
ℹ️ 2025/11/16 01:36:31 📁 Обслуживаются статические файлы из текущей директории
ℹ️ 2025/11/16 11:55:00 Инициализация SQLite: ./data.db
✅ 2025/11/16 11:55:00 Таблицы базы данных созданы/проверены
✅ 2025/11/16 11:55:00 SQLite инициализирован: ./data.db
✅ 2025/11/16 11:55:00 🚀 Сервер запущен на http://localhost:8080
ℹ️ 2025/11/16 11:55:00 📁 Обслуживаются статические файлы из текущей директории
ℹ️ 2025/11/16 11:55:47 📊 Получен GET запрос на информацию
ℹ️ 2025/11/16 14:35:30 Инициализация SQLite: ./data.db
❌ 2025/11/16 14:35:30 Ошибка создания таблицы БД: SQL logic error: near ")": syntax error (1)
❌ 2025/11/16 14:35:30 Ошибка инициализации БД: SQL logic error: near ")": syntax error (1)
ℹ️ 2025/11/16 14:35:42 Инициализация SQLite: ./data.db
❌ 2025/11/16 14:35:42 Ошибка создания таблицы БД: SQL logic error: near ")": syntax error (1)
❌ 2025/11/16 14:35:42 Ошибка инициализации БД: SQL logic error: near ")": syntax error (1)
ℹ️ 2025/11/16 14:35:59 Инициализация SQLite: ./data.db
✅ 2025/11/16 14:35:59 Таблицы базы данных созданы/проверены
✅ 2025/11/16 14:35:59 SQLite инициализирован: ./data.db
ℹ️ 2025/11/16 14:59:31 Инициализация SQLite: ./data.db
✅ 2025/11/16 14:59:31 Таблицы базы данных созданы/проверены
✅ 2025/11/16 14:59:31 SQLite инициализирован: ./data.db
ℹ️ 2025/11/16 15:01:44 Инициализация SQLite: ./data.db
✅ 2025/11/16 15:01:44 Таблицы базы данных созданы/проверены
✅ 2025/11/16 15:01:44 SQLite инициализирован: ./data.db
ℹ️ 2025/11/16 15:03:01 Инициализация SQLite: ./data.db
✅ 2025/11/16 15:03:01 Таблицы базы данных созданы/проверены
✅ 2025/11/16 15:03:01 SQLite инициализирован: ./data.db
ℹ️ 2025/11/16 15:07:07 Инициализация SQLite: ./data.db
✅ 2025/11/16 15:07:07 Таблицы базы данных созданы/проверены
✅ 2025/11/16 15:07:07 SQLite инициализирован: ./data.db
ℹ️ 2025/11/16 15:14:23 Инициализация SQLite: ./data.db
✅ 2025/11/16 15:14:23 Таблицы базы данных созданы/проверены
✅ 2025/11/16 15:14:23 SQLite инициализирован: ./data.db
ℹ️ 2025/11/16 15:15:33 Инициализация SQLite: ./data.db
✅ 2025/11/16 15:15:33 Таблицы базы данных созданы/проверены
✅ 2025/11/16 15:15:33 SQLite инициализирован: ./data.db
ℹ️ 2025/11/16 15:17:32 Инициализация SQLite: ./data.db
✅ 2025/11/16 15:17:32 Таблицы базы данных созданы/проверены
✅ 2025/11/16 15:17:32 SQLite инициализирован: ./data.db
ℹ️ 2025/11/16 15:18:58 Инициализация SQLite: ./data.db
✅ 2025/11/16 15:18:58 Таблицы базы данных созданы/проверены
✅ 2025/11/16 15:18:58 SQLite инициализирован: ./data.db
ℹ️ 2025/11/16 15:19:35 Инициализация SQLite: ./data.db
✅ 2025/11/16 15:19:35 Таблицы базы данных созданы/проверены
✅ 2025/11/16 15:19:35 SQLite инициализирован: ./data.db
ℹ️ 2025/11/16 15:28:53 Инициализация SQLite: ./data.db
❌ 2025/11/16 15:28:53 Ошибка создания таблицы БД: SQL logic error: near ")": syntax error (1)
❌ 2025/11/16 15:28:53 Ошибка инициализации БД: SQL logic error: near ")": syntax error (1)
ℹ️ 2025/11/16 15:29:15 Инициализация SQLite: ./data.db
❌ 2025/11/16 15:29:15 Ошибка создания таблицы БД: SQL logic error: near ")": syntax error (1)
❌ 2025/11/16 15:29:15 Ошибка инициализации БД: SQL logic error: near ")": syntax error (1)
ℹ️ 2025/11/16 15:29:52 Инициализация SQLite: ./data.db
❌ 2025/11/16 15:29:52 Ошибка создания таблицы БД: SQL logic error: near ")": syntax error (1)
❌ 2025/11/16 15:29:52 Ошибка инициализации БД: SQL logic error: near ")": syntax error (1)
ℹ️ 2025/11/16 15:29:59 Инициализация SQLite: ./data.db
❌ 2025/11/16 15:29:59 Ошибка создания таблицы БД: SQL logic error: near ")": syntax error (1)
❌ 2025/11/16 15:29:59 Ошибка инициализации БД: SQL logic error: near ")": syntax error (1)
ℹ️ 2025/11/16 15:31:21 Инициализация SQLite: ./data.db
✅ 2025/11/16 15:31:21 Таблицы базы данных созданы/проверены
✅ 2025/11/16 15:31:21 SQLite инициализирован: ./data.db
ℹ️ 2025/11/16 15:34:18 Инициализация SQLite: ./data.db
✅ 2025/11/16 15:34:18 Таблицы базы данных созданы/проверены
✅ 2025/11/16 15:34:18 SQLite инициализирован: ./data.db
ℹ️ 2025/11/16 15:41:02 Инициализация SQLite: ./data.db
✅ 2025/11/16 15:41:02 Таблицы базы данных созданы/проверены
✅ 2025/11/16 15:41:02 SQLite инициализирован: ./data.db
ℹ️ 2025/11/16 15:41:27 Инициализация SQLite: ./data.db
✅ 2025/11/16 15:41:27 Таблицы базы данных созданы/проверены
✅ 2025/11/16 15:41:27 SQLite инициализирован: ./data.db
ℹ️ 2025/11/16 15:41:37 Инициализация SQLite: ./data.db
✅ 2025/11/16 15:41:37 Таблицы базы данных созданы/проверены
✅ 2025/11/16 15:41:37 SQLite инициализирован: ./data.db
ℹ️ 2025/11/16 15:42:08 Инициализация SQLite: ./data.db
✅ 2025/11/16 15:42:08 Таблицы базы данных созданы/проверены
✅ 2025/11/16 15:42:08 SQLite инициализирован: ./data.db
ℹ️ 2025/11/16 15:42:44 Инициализация SQLite: ./data.db
✅ 2025/11/16 15:42:44 Таблицы базы данных созданы/проверены
✅ 2025/11/16 15:42:44 SQLite инициализирован: ./data.db
ℹ️ 2025/11/16 16:18:49 Инициализация SQLite: ./data.db
✅ 2025/11/16 16:18:49 Таблицы базы данных созданы/проверены
✅ 2025/11/16 16:18:49 SQLite инициализирован: ./data.db
✅ 2025/11/16 16:18:49 🚀 Сервер запущен на http://localhost:8080
✅ 2025/11/16 16:18:49 📁 Обслуживаются статические файлы из директории static/
ℹ️ 2025/11/16 16:23:00 Инициализация SQLite: ./data.db
✅ 2025/11/16 16:23:00 Таблицы базы данных созданы/проверены
✅ 2025/11/16 16:23:00 SQLite инициализирован: ./data.db
✅ 2025/11/16 16:23:00 🚀 Сервер запущен на http://localhost:8080
✅ 2025/11/16 16:23:00 📁 Обслуживаются статические файлы из директории static/
ℹ️ 2025/11/16 16:23:04 Обработчик: получен GET запрос на все НКО
ℹ️ 2025/11/16 16:23:15 Обработчик: получен GET запрос с id=1
ℹ️ 2025/11/16 16:45:38 Обработчик: получен GET запрос на все НКО
ℹ️ 2025/11/16 16:47:06 Обработчик: получен GET запрос с id=1
ℹ️ 2025/11/16 16:47:12 Обработчик: получен GET запрос с id=2
ℹ️ 2025/11/16 16:49:11 Обработчик: получен GET запрос с id=2
ℹ️ 2025/11/16 16:49:41 Обработчик: получен GET запрос с id=2
ℹ️ 2025/11/16 16:49:49 Обработчик: получен GET запрос на все НКО
ℹ️ 2025/11/16 17:27:38 Инициализация SQLite: ./data.db
✅ 2025/11/16 17:27:38 Таблицы базы данных созданы/проверены
✅ 2025/11/16 17:27:38 SQLite инициализирован: ./data.db
✅ 2025/11/16 17:27:38 🚀 Сервер запущен на http://localhost:8080
✅ 2025/11/16 17:27:38 📁 Обслуживаются статические файлы из директории static/
ℹ️ 2025/11/16 17:29:43 Инициализация SQLite: ./data.db
✅ 2025/11/16 17:29:43 Таблицы базы данных созданы/проверены
✅ 2025/11/16 17:29:43 SQLite инициализирован: ./data.db
✅ 2025/11/16 17:29:43 🚀 Сервер запущен на http://localhost:8080
✅ 2025/11/16 17:29:43 📁 Обслуживаются статические файлы из директории static/
ℹ️ 2025/11/16 17:41:40 Инициализация SQLite: ./data.db
✅ 2025/11/16 17:41:40 Таблицы базы данных созданы/проверены
✅ 2025/11/16 17:41:40 SQLite инициализирован: ./data.db
✅ 2025/11/16 17:41:40 🚀 Сервер запущен на http://localhost:8080
✅ 2025/11/16 17:41:40 📁 Обслуживаются статические файлы из директории static/
ℹ️ 2025/11/16 17:44:58 Инициализация SQLite: ./data.db
✅ 2025/11/16 17:44:58 Таблицы базы данных созданы/проверены
✅ 2025/11/16 17:44:58 SQLite инициализирован: ./data.db
✅ 2025/11/16 17:44:58 🚀 Сервер запущен на http://localhost:8080
✅ 2025/11/16 17:44:58 📁 Обслуживаются статические файлы из директории static/
ℹ️ 2025/11/16 17:48:34 Инициализация SQLite: ./data.db
✅ 2025/11/16 17:48:34 Таблицы базы данных созданы/проверены
✅ 2025/11/16 17:48:34 SQLite инициализирован: ./data.db
✅ 2025/11/16 17:48:34 🚀 Сервер запущен на http://localhost:8080
✅ 2025/11/16 17:48:34 📁 Обслуживаются статические файлы из директории static/
ℹ️ 2025/11/16 17:54:50 Инициализация SQLite: ./data.db
✅ 2025/11/16 17:54:50 Таблицы базы данных созданы/проверены
✅ 2025/11/16 17:54:50 SQLite инициализирован: ./data.db
✅ 2025/11/16 17:54:50 🚀 Сервер запущен на http://localhost:8080
✅ 2025/11/16 17:54:50 📁 Обслуживаются статические файлы из директории static/
ℹ️ 2025/11/16 17:55:00 POST обработчик: получен запрос на создание НКО - фыв
ℹ️ 2025/11/16 17:55:00 🎯 PostService: создание НКО - фыв
✅ 2025/11/16 17:55:00 PostService: НКО создана
